[0.008s] Invoking command in '/home/masters/turtlebot3_ws/build/turtlebot3_node': AMENT_PREFIX_PATH=/home/masters/turtlebot3_ws/install/turtlebot3_msgs:/home/masters/turtlebot3_ws/install/dynamixel_sdk:${AMENT_PREFIX_PATH} CMAKE_PREFIX_PATH=/home/masters/turtlebot3_ws/install/turtlebot3_msgs:/home/masters/turtlebot3_ws/install/dynamixel_sdk:/opt/ros/humble LD_LIBRARY_PATH=/home/masters/turtlebot3_ws/install/turtlebot3_msgs/lib:/home/masters/turtlebot3_ws/install/dynamixel_sdk/lib:${LD_LIBRARY_PATH} PYTHONPATH=/home/masters/turtlebot3_ws/install/turtlebot3_msgs/local/lib/python3.10/dist-packages:/home/masters/turtlebot3_ws/install/dynamixel_sdk/local/lib/python3.10/dist-packages:${PYTHONPATH} /usr/bin/cmake /home/masters/turtlebot3_ws/src/turtlebot3/turtlebot3_node -DAMENT_CMAKE_SYMLINK_INSTALL=1 -DCMAKE_INSTALL_PREFIX=/home/masters/turtlebot3_ws/install/turtlebot3_node
[0.050s] -- The C compiler identification is GNU 11.4.0
[0.096s] -- The CXX compiler identification is GNU 11.4.0
[0.102s] -- Detecting C compiler ABI info
[0.155s] -- Detecting C compiler ABI info - done
[0.162s] -- Check for working C compiler: /usr/bin/cc - skipped
[0.162s] -- Detecting C compile features
[0.162s] -- Detecting C compile features - done
[0.165s] -- Detecting CXX compiler ABI info
[0.227s] -- Detecting CXX compiler ABI info - done
[0.235s] -- Check for working CXX compiler: /usr/bin/c++ - skipped
[0.235s] -- Detecting CXX compile features
[0.235s] -- Detecting CXX compile features - done
[0.237s] -- Found ament_cmake: 1.3.11 (/opt/ros/humble/share/ament_cmake/cmake)
[0.369s] -- Found Python3: /usr/bin/python3 (found version "3.10.12") found components: Interpreter 
[0.425s] -- Override CMake install command with custom implementation using symlinks instead of copying resources
[0.447s] -- Found dynamixel_sdk: 3.8.4 (/home/masters/turtlebot3_ws/install/dynamixel_sdk/share/dynamixel_sdk/cmake)
[0.450s] -- Found geometry_msgs: 4.9.0 (/opt/ros/humble/share/geometry_msgs/cmake)
[0.482s] -- Found rosidl_generator_c: 3.1.6 (/opt/ros/humble/share/rosidl_generator_c/cmake)
[0.487s] -- Found rosidl_adapter: 3.1.6 (/opt/ros/humble/share/rosidl_adapter/cmake)
[0.494s] -- Found rosidl_generator_cpp: 3.1.6 (/opt/ros/humble/share/rosidl_generator_cpp/cmake)
[0.505s] -- Using all available rosidl_typesupport_c: rosidl_typesupport_fastrtps_c;rosidl_typesupport_introspection_c
[0.520s] -- Using all available rosidl_typesupport_cpp: rosidl_typesupport_fastrtps_cpp;rosidl_typesupport_introspection_cpp
[0.559s] -- Found message_filters: 4.3.7 (/opt/ros/humble/share/message_filters/cmake)
[0.597s] -- Found rmw_implementation_cmake: 6.1.2 (/opt/ros/humble/share/rmw_implementation_cmake/cmake)
[0.600s] -- Found rmw_fastrtps_cpp: 6.2.7 (/opt/ros/humble/share/rmw_fastrtps_cpp/cmake)
[0.669s] -- Found OpenSSL: /usr/lib/x86_64-linux-gnu/libcrypto.so (found version "3.0.2")  
[0.693s] -- Found FastRTPS: /opt/ros/humble/include  
[0.728s] -- Using RMW implementation 'rmw_fastrtps_cpp' as default
[0.735s] -- Looking for pthread.h
[0.792s] -- Looking for pthread.h - found
[0.792s] -- Performing Test CMAKE_HAVE_LIBC_PTHREAD
[0.849s] -- Performing Test CMAKE_HAVE_LIBC_PTHREAD - Success
[0.850s] -- Found Threads: TRUE  
[0.888s] -- Found nav_msgs: 4.9.0 (/opt/ros/humble/share/nav_msgs/cmake)
[0.905s] -- Found sensor_msgs: 4.9.0 (/opt/ros/humble/share/sensor_msgs/cmake)
[0.923s] -- Found std_srvs: 4.9.0 (/opt/ros/humble/share/std_srvs/cmake)
[0.933s] -- Found tf2: 0.25.13 (/opt/ros/humble/share/tf2/cmake)
[0.942s] -- Found tf2_ros: 0.25.13 (/opt/ros/humble/share/tf2_ros/cmake)
[1.024s] -- Found turtlebot3_msgs: 2.4.0 (/home/masters/turtlebot3_ws/install/turtlebot3_msgs/share/turtlebot3_msgs/cmake)
[1.105s] -- Configuring done
[1.122s] -- Generating done
[1.127s] -- Build files have been written to: /home/masters/turtlebot3_ws/build/turtlebot3_node
[1.136s] Invoked command in '/home/masters/turtlebot3_ws/build/turtlebot3_node' returned '0': AMENT_PREFIX_PATH=/home/masters/turtlebot3_ws/install/turtlebot3_msgs:/home/masters/turtlebot3_ws/install/dynamixel_sdk:${AMENT_PREFIX_PATH} CMAKE_PREFIX_PATH=/home/masters/turtlebot3_ws/install/turtlebot3_msgs:/home/masters/turtlebot3_ws/install/dynamixel_sdk:/opt/ros/humble LD_LIBRARY_PATH=/home/masters/turtlebot3_ws/install/turtlebot3_msgs/lib:/home/masters/turtlebot3_ws/install/dynamixel_sdk/lib:${LD_LIBRARY_PATH} PYTHONPATH=/home/masters/turtlebot3_ws/install/turtlebot3_msgs/local/lib/python3.10/dist-packages:/home/masters/turtlebot3_ws/install/dynamixel_sdk/local/lib/python3.10/dist-packages:${PYTHONPATH} /usr/bin/cmake /home/masters/turtlebot3_ws/src/turtlebot3/turtlebot3_node -DAMENT_CMAKE_SYMLINK_INSTALL=1 -DCMAKE_INSTALL_PREFIX=/home/masters/turtlebot3_ws/install/turtlebot3_node
[1.137s] Invoking command in '/home/masters/turtlebot3_ws/build/turtlebot3_node': AMENT_PREFIX_PATH=/home/masters/turtlebot3_ws/install/turtlebot3_msgs:/home/masters/turtlebot3_ws/install/dynamixel_sdk:${AMENT_PREFIX_PATH} CMAKE_PREFIX_PATH=/home/masters/turtlebot3_ws/install/turtlebot3_msgs:/home/masters/turtlebot3_ws/install/dynamixel_sdk:/opt/ros/humble LD_LIBRARY_PATH=/home/masters/turtlebot3_ws/install/turtlebot3_msgs/lib:/home/masters/turtlebot3_ws/install/dynamixel_sdk/lib:${LD_LIBRARY_PATH} PYTHONPATH=/home/masters/turtlebot3_ws/install/turtlebot3_msgs/local/lib/python3.10/dist-packages:/home/masters/turtlebot3_ws/install/dynamixel_sdk/local/lib/python3.10/dist-packages:${PYTHONPATH} /usr/bin/cmake --build /home/masters/turtlebot3_ws/build/turtlebot3_node -- -j16 -l16
[1.179s] [ 21%] [32mBuilding CXX object CMakeFiles/turtlebot3_node_lib.dir/src/dynamixel_sdk_wrapper.cpp.o[0m
[1.179s] [ 21%] [32mBuilding CXX object CMakeFiles/turtlebot3_node_lib.dir/src/odometry.cpp.o[0m
[1.179s] [ 21%] [32mBuilding CXX object CMakeFiles/turtlebot3_node_lib.dir/src/diff_drive_controller.cpp.o[0m
[1.180s] [ 28%] [32mBuilding CXX object CMakeFiles/turtlebot3_node_lib.dir/src/devices/motor_power.cpp.o[0m
[1.180s] [ 42%] [32mBuilding CXX object CMakeFiles/turtlebot3_node_lib.dir/src/devices/reset.cpp.o[0m
[1.180s] [ 42%] [32mBuilding CXX object CMakeFiles/turtlebot3_node_lib.dir/src/devices/sound.cpp.o[0m
[1.181s] [ 50%] [32mBuilding CXX object CMakeFiles/turtlebot3_node_lib.dir/src/turtlebot3.cpp.o[0m
[1.182s] [ 57%] [32mBuilding CXX object CMakeFiles/turtlebot3_node_lib.dir/src/sensors/battery_state.cpp.o[0m
[1.182s] [ 64%] [32mBuilding CXX object CMakeFiles/turtlebot3_node_lib.dir/src/sensors/imu.cpp.o[0m
[1.182s] [ 78%] [32mBuilding CXX object CMakeFiles/turtlebot3_node_lib.dir/src/sensors/joint_state.cpp.o[0m
[1.182s] [ 78%] [32mBuilding CXX object CMakeFiles/turtlebot3_node_lib.dir/src/sensors/sensor_state.cpp.o[0m
[15.961s] [ 85%] [32m[1mLinking CXX static library libturtlebot3_node_lib.a[0m
[16.377s] [ 85%] Built target turtlebot3_node_lib
[16.392s] [ 92%] [32mBuilding CXX object CMakeFiles/turtlebot3_ros.dir/src/node_main.cpp.o[0m
[19.504s] [100%] [32m[1mLinking CXX executable turtlebot3_ros[0m
[21.019s] [100%] Built target turtlebot3_ros
[21.027s] Invoked command in '/home/masters/turtlebot3_ws/build/turtlebot3_node' returned '0': AMENT_PREFIX_PATH=/home/masters/turtlebot3_ws/install/turtlebot3_msgs:/home/masters/turtlebot3_ws/install/dynamixel_sdk:${AMENT_PREFIX_PATH} CMAKE_PREFIX_PATH=/home/masters/turtlebot3_ws/install/turtlebot3_msgs:/home/masters/turtlebot3_ws/install/dynamixel_sdk:/opt/ros/humble LD_LIBRARY_PATH=/home/masters/turtlebot3_ws/install/turtlebot3_msgs/lib:/home/masters/turtlebot3_ws/install/dynamixel_sdk/lib:${LD_LIBRARY_PATH} PYTHONPATH=/home/masters/turtlebot3_ws/install/turtlebot3_msgs/local/lib/python3.10/dist-packages:/home/masters/turtlebot3_ws/install/dynamixel_sdk/local/lib/python3.10/dist-packages:${PYTHONPATH} /usr/bin/cmake --build /home/masters/turtlebot3_ws/build/turtlebot3_node -- -j16 -l16
[21.028s] Invoking command in '/home/masters/turtlebot3_ws/build/turtlebot3_node': AMENT_PREFIX_PATH=/home/masters/turtlebot3_ws/install/turtlebot3_msgs:/home/masters/turtlebot3_ws/install/dynamixel_sdk:${AMENT_PREFIX_PATH} CMAKE_PREFIX_PATH=/home/masters/turtlebot3_ws/install/turtlebot3_msgs:/home/masters/turtlebot3_ws/install/dynamixel_sdk:/opt/ros/humble LD_LIBRARY_PATH=/home/masters/turtlebot3_ws/install/turtlebot3_msgs/lib:/home/masters/turtlebot3_ws/install/dynamixel_sdk/lib:${LD_LIBRARY_PATH} PYTHONPATH=/home/masters/turtlebot3_ws/install/turtlebot3_msgs/local/lib/python3.10/dist-packages:/home/masters/turtlebot3_ws/install/dynamixel_sdk/local/lib/python3.10/dist-packages:${PYTHONPATH} /usr/bin/cmake --install /home/masters/turtlebot3_ws/build/turtlebot3_node
[21.034s] -- Install configuration: ""
[21.034s] -- Execute custom install script
[21.034s] -- Symlinking: /home/masters/turtlebot3_ws/install/turtlebot3_node/share/turtlebot3_node/param/burger.yaml
[21.041s] -- Symlinking: /home/masters/turtlebot3_ws/install/turtlebot3_node/share/turtlebot3_node/param/waffle.yaml
[21.047s] -- Symlinking: /home/masters/turtlebot3_ws/install/turtlebot3_node/share/turtlebot3_node/param/waffle_pi.yaml
[21.053s] -- Symlinking: /home/masters/turtlebot3_ws/install/turtlebot3_node/lib/turtlebot3_node/turtlebot3_ros
[21.059s] -- Symlinking: /home/masters/turtlebot3_ws/install/turtlebot3_node/share/ament_index/resource_index/package_run_dependencies/turtlebot3_node
[21.065s] -- Symlinking: /home/masters/turtlebot3_ws/install/turtlebot3_node/share/ament_index/resource_index/parent_prefix_path/turtlebot3_node
[21.072s] -- Symlinking: /home/masters/turtlebot3_ws/install/turtlebot3_node/share/turtlebot3_node/environment/ament_prefix_path.sh
[21.078s] -- Symlinking: /home/masters/turtlebot3_ws/install/turtlebot3_node/share/turtlebot3_node/environment/ament_prefix_path.dsv
[21.084s] -- Symlinking: /home/masters/turtlebot3_ws/install/turtlebot3_node/share/turtlebot3_node/environment/path.sh
[21.090s] -- Symlinking: /home/masters/turtlebot3_ws/install/turtlebot3_node/share/turtlebot3_node/environment/path.dsv
[21.096s] -- Symlinking: /home/masters/turtlebot3_ws/install/turtlebot3_node/share/turtlebot3_node/local_setup.bash
[21.102s] -- Symlinking: /home/masters/turtlebot3_ws/install/turtlebot3_node/share/turtlebot3_node/local_setup.sh
[21.108s] -- Symlinking: /home/masters/turtlebot3_ws/install/turtlebot3_node/share/turtlebot3_node/local_setup.zsh
[21.114s] -- Symlinking: /home/masters/turtlebot3_ws/install/turtlebot3_node/share/turtlebot3_node/local_setup.dsv
[21.120s] -- Symlinking: /home/masters/turtlebot3_ws/install/turtlebot3_node/share/turtlebot3_node/package.dsv
[21.127s] -- Symlinking: /home/masters/turtlebot3_ws/install/turtlebot3_node/share/ament_index/resource_index/packages/turtlebot3_node
[21.133s] -- Symlinking: /home/masters/turtlebot3_ws/install/turtlebot3_node/share/turtlebot3_node/cmake/ament_cmake_export_dependencies-extras.cmake
[21.139s] -- Symlinking: /home/masters/turtlebot3_ws/install/turtlebot3_node/share/turtlebot3_node/cmake/ament_cmake_export_include_directories-extras.cmake
[21.145s] -- Symlinking: /home/masters/turtlebot3_ws/install/turtlebot3_node/share/turtlebot3_node/cmake/turtlebot3_nodeConfig.cmake
[21.151s] -- Symlinking: /home/masters/turtlebot3_ws/install/turtlebot3_node/share/turtlebot3_node/cmake/turtlebot3_nodeConfig-version.cmake
[21.158s] -- Symlinking: /home/masters/turtlebot3_ws/install/turtlebot3_node/share/turtlebot3_node/package.xml
[21.165s] Invoked command in '/home/masters/turtlebot3_ws/build/turtlebot3_node' returned '0': AMENT_PREFIX_PATH=/home/masters/turtlebot3_ws/install/turtlebot3_msgs:/home/masters/turtlebot3_ws/install/dynamixel_sdk:${AMENT_PREFIX_PATH} CMAKE_PREFIX_PATH=/home/masters/turtlebot3_ws/install/turtlebot3_msgs:/home/masters/turtlebot3_ws/install/dynamixel_sdk:/opt/ros/humble LD_LIBRARY_PATH=/home/masters/turtlebot3_ws/install/turtlebot3_msgs/lib:/home/masters/turtlebot3_ws/install/dynamixel_sdk/lib:${LD_LIBRARY_PATH} PYTHONPATH=/home/masters/turtlebot3_ws/install/turtlebot3_msgs/local/lib/python3.10/dist-packages:/home/masters/turtlebot3_ws/install/dynamixel_sdk/local/lib/python3.10/dist-packages:${PYTHONPATH} /usr/bin/cmake --install /home/masters/turtlebot3_ws/build/turtlebot3_node
