[0.273s] Invoking command in '/home/masters/turtlebot3_ws/build/turtlebot3_fake_node': CMAKE_PREFIX_PATH=/home/masters/turtlebot3_ws/install/turtlebot3_msgs:/home/masters/turtlebot3_ws/install/turtlebot3:/home/masters/turtlebot3_ws/install/turtlebot3_bringup:/home/masters/turtlebot3_ws/install/turtlebot3_node:/home/masters/turtlebot3_ws/install/turtlebot3_navigation2:/home/masters/turtlebot3_ws/install/turtlebot3_description:/home/masters/turtlebot3_ws/install/turtlebot3_cartographer:/home/masters/turtlebot3_ws/install/dynamixel_sdk_examples:/home/masters/turtlebot3_ws/install/dynamixel_sdk_custom_interfaces:/home/masters/turtlebot3_ws/install/dynamixel_sdk:/home/masters/turtlebot3_ws/install/turtlebot3_teleop:/home/masters/turtlebot3_ws/install/turtlebot3_example:/opt/ros/humble LD_LIBRARY_PATH=/home/masters/turtlebot3_ws/install/turtlebot3_msgs/lib:/home/masters/turtlebot3_ws/install/dynamixel_sdk_custom_interfaces/lib:/home/masters/turtlebot3_ws/install/dynamixel_sdk/lib:/usr/lib/x86_64-linux-gnu/gazebo-11/plugins:/opt/ros/humble/opt/rviz_ogre_vendor/lib:/opt/ros/humble/lib/x86_64-linux-gnu:/opt/ros/humble/lib:/usr/lib/x86_64-linux-gnu/gazebo-11/plugins /usr/bin/cmake /home/masters/turtlebot3_ws/src/turtlebot3_simulations/turtlebot3_fake_node -DAMENT_CMAKE_SYMLINK_INSTALL=1 -DCMAKE_INSTALL_PREFIX=/home/masters/turtlebot3_ws/install/turtlebot3_fake_node
[0.316s] -- The C compiler identification is GNU 11.4.0
[0.367s] -- The CXX compiler identification is GNU 11.4.0
[0.373s] -- Detecting C compiler ABI info
[0.426s] -- Detecting C compiler ABI info - done
[0.433s] -- Check for working C compiler: /usr/bin/cc - skipped
[0.433s] -- Detecting C compile features
[0.433s] -- Detecting C compile features - done
[0.436s] -- Detecting CXX compiler ABI info
[0.498s] -- Detecting CXX compiler ABI info - done
[0.506s] -- Check for working CXX compiler: /usr/bin/c++ - skipped
[0.506s] -- Detecting CXX compile features
[0.506s] -- Detecting CXX compile features - done
[0.509s] -- Found ament_cmake: 1.3.11 (/opt/ros/humble/share/ament_cmake/cmake)
[0.654s] -- Found Python3: /usr/bin/python3 (found version "3.10.12") found components: Interpreter 
[0.714s] -- Override CMake install command with custom implementation using symlinks instead of copying resources
[0.747s] -- Found geometry_msgs: 4.9.0 (/opt/ros/humble/share/geometry_msgs/cmake)
[0.792s] -- Found rosidl_generator_c: 3.1.6 (/opt/ros/humble/share/rosidl_generator_c/cmake)
[0.799s] -- Found rosidl_adapter: 3.1.6 (/opt/ros/humble/share/rosidl_adapter/cmake)
[0.809s] -- Found rosidl_generator_cpp: 3.1.6 (/opt/ros/humble/share/rosidl_generator_cpp/cmake)
[0.824s] -- Using all available rosidl_typesupport_c: rosidl_typesupport_fastrtps_c;rosidl_typesupport_introspection_c
[0.845s] -- Using all available rosidl_typesupport_cpp: rosidl_typesupport_fastrtps_cpp;rosidl_typesupport_introspection_cpp
[0.892s] -- Found nav_msgs: 4.9.0 (/opt/ros/humble/share/nav_msgs/cmake)
[0.913s] -- Found rclcpp: 16.0.12 (/opt/ros/humble/share/rclcpp/cmake)
[0.962s] -- Found rmw_implementation_cmake: 6.1.2 (/opt/ros/humble/share/rmw_implementation_cmake/cmake)
[0.966s] -- Found rmw_fastrtps_cpp: 6.2.7 (/opt/ros/humble/share/rmw_fastrtps_cpp/cmake)
[1.046s] -- Found OpenSSL: /usr/lib/x86_64-linux-gnu/libcrypto.so (found version "3.0.2")  
[1.072s] -- Found FastRTPS: /opt/ros/humble/include  
[1.108s] -- Using RMW implementation 'rmw_fastrtps_cpp' as default
[1.119s] -- Looking for pthread.h
[1.174s] -- Looking for pthread.h - found
[1.174s] -- Performing Test CMAKE_HAVE_LIBC_PTHREAD
[1.231s] -- Performing Test CMAKE_HAVE_LIBC_PTHREAD - Success
[1.232s] -- Found Threads: TRUE  
[1.277s] -- Found sensor_msgs: 4.9.0 (/opt/ros/humble/share/sensor_msgs/cmake)
[1.298s] -- Found tf2: 0.25.13 (/opt/ros/humble/share/tf2/cmake)
[1.310s] -- Found tf2_msgs: 0.25.13 (/opt/ros/humble/share/tf2_msgs/cmake)
[1.355s] -- Found turtlebot3_msgs: 2.4.0 (/home/masters/turtlebot3_ws/install/turtlebot3_msgs/share/turtlebot3_msgs/cmake)
[1.428s] -- Configuring done
[1.437s] -- Generating done
[1.440s] -- Build files have been written to: /home/masters/turtlebot3_ws/build/turtlebot3_fake_node
[1.447s] Invoked command in '/home/masters/turtlebot3_ws/build/turtlebot3_fake_node' returned '0': CMAKE_PREFIX_PATH=/home/masters/turtlebot3_ws/install/turtlebot3_msgs:/home/masters/turtlebot3_ws/install/turtlebot3:/home/masters/turtlebot3_ws/install/turtlebot3_bringup:/home/masters/turtlebot3_ws/install/turtlebot3_node:/home/masters/turtlebot3_ws/install/turtlebot3_navigation2:/home/masters/turtlebot3_ws/install/turtlebot3_description:/home/masters/turtlebot3_ws/install/turtlebot3_cartographer:/home/masters/turtlebot3_ws/install/dynamixel_sdk_examples:/home/masters/turtlebot3_ws/install/dynamixel_sdk_custom_interfaces:/home/masters/turtlebot3_ws/install/dynamixel_sdk:/home/masters/turtlebot3_ws/install/turtlebot3_teleop:/home/masters/turtlebot3_ws/install/turtlebot3_example:/opt/ros/humble LD_LIBRARY_PATH=/home/masters/turtlebot3_ws/install/turtlebot3_msgs/lib:/home/masters/turtlebot3_ws/install/dynamixel_sdk_custom_interfaces/lib:/home/masters/turtlebot3_ws/install/dynamixel_sdk/lib:/usr/lib/x86_64-linux-gnu/gazebo-11/plugins:/opt/ros/humble/opt/rviz_ogre_vendor/lib:/opt/ros/humble/lib/x86_64-linux-gnu:/opt/ros/humble/lib:/usr/lib/x86_64-linux-gnu/gazebo-11/plugins /usr/bin/cmake /home/masters/turtlebot3_ws/src/turtlebot3_simulations/turtlebot3_fake_node -DAMENT_CMAKE_SYMLINK_INSTALL=1 -DCMAKE_INSTALL_PREFIX=/home/masters/turtlebot3_ws/install/turtlebot3_fake_node
[1.448s] Invoking command in '/home/masters/turtlebot3_ws/build/turtlebot3_fake_node': CMAKE_PREFIX_PATH=/home/masters/turtlebot3_ws/install/turtlebot3_msgs:/home/masters/turtlebot3_ws/install/turtlebot3:/home/masters/turtlebot3_ws/install/turtlebot3_bringup:/home/masters/turtlebot3_ws/install/turtlebot3_node:/home/masters/turtlebot3_ws/install/turtlebot3_navigation2:/home/masters/turtlebot3_ws/install/turtlebot3_description:/home/masters/turtlebot3_ws/install/turtlebot3_cartographer:/home/masters/turtlebot3_ws/install/dynamixel_sdk_examples:/home/masters/turtlebot3_ws/install/dynamixel_sdk_custom_interfaces:/home/masters/turtlebot3_ws/install/dynamixel_sdk:/home/masters/turtlebot3_ws/install/turtlebot3_teleop:/home/masters/turtlebot3_ws/install/turtlebot3_example:/opt/ros/humble LD_LIBRARY_PATH=/home/masters/turtlebot3_ws/install/turtlebot3_msgs/lib:/home/masters/turtlebot3_ws/install/dynamixel_sdk_custom_interfaces/lib:/home/masters/turtlebot3_ws/install/dynamixel_sdk/lib:/usr/lib/x86_64-linux-gnu/gazebo-11/plugins:/opt/ros/humble/opt/rviz_ogre_vendor/lib:/opt/ros/humble/lib/x86_64-linux-gnu:/opt/ros/humble/lib:/usr/lib/x86_64-linux-gnu/gazebo-11/plugins /usr/bin/cmake --build /home/masters/turtlebot3_ws/build/turtlebot3_fake_node -- -j16 -l16
[1.486s] [ 50%] [32mBuilding CXX object CMakeFiles/turtlebot3_fake_node.dir/src/turtlebot3_fake_node.cpp.o[0m
[11.216s] [100%] [32m[1mLinking CXX executable turtlebot3_fake_node[0m
[11.845s] [100%] Built target turtlebot3_fake_node
[11.856s] Invoked command in '/home/masters/turtlebot3_ws/build/turtlebot3_fake_node' returned '0': CMAKE_PREFIX_PATH=/home/masters/turtlebot3_ws/install/turtlebot3_msgs:/home/masters/turtlebot3_ws/install/turtlebot3:/home/masters/turtlebot3_ws/install/turtlebot3_bringup:/home/masters/turtlebot3_ws/install/turtlebot3_node:/home/masters/turtlebot3_ws/install/turtlebot3_navigation2:/home/masters/turtlebot3_ws/install/turtlebot3_description:/home/masters/turtlebot3_ws/install/turtlebot3_cartographer:/home/masters/turtlebot3_ws/install/dynamixel_sdk_examples:/home/masters/turtlebot3_ws/install/dynamixel_sdk_custom_interfaces:/home/masters/turtlebot3_ws/install/dynamixel_sdk:/home/masters/turtlebot3_ws/install/turtlebot3_teleop:/home/masters/turtlebot3_ws/install/turtlebot3_example:/opt/ros/humble LD_LIBRARY_PATH=/home/masters/turtlebot3_ws/install/turtlebot3_msgs/lib:/home/masters/turtlebot3_ws/install/dynamixel_sdk_custom_interfaces/lib:/home/masters/turtlebot3_ws/install/dynamixel_sdk/lib:/usr/lib/x86_64-linux-gnu/gazebo-11/plugins:/opt/ros/humble/opt/rviz_ogre_vendor/lib:/opt/ros/humble/lib/x86_64-linux-gnu:/opt/ros/humble/lib:/usr/lib/x86_64-linux-gnu/gazebo-11/plugins /usr/bin/cmake --build /home/masters/turtlebot3_ws/build/turtlebot3_fake_node -- -j16 -l16
[11.857s] Invoking command in '/home/masters/turtlebot3_ws/build/turtlebot3_fake_node': CMAKE_PREFIX_PATH=/home/masters/turtlebot3_ws/install/turtlebot3_msgs:/home/masters/turtlebot3_ws/install/turtlebot3:/home/masters/turtlebot3_ws/install/turtlebot3_bringup:/home/masters/turtlebot3_ws/install/turtlebot3_node:/home/masters/turtlebot3_ws/install/turtlebot3_navigation2:/home/masters/turtlebot3_ws/install/turtlebot3_description:/home/masters/turtlebot3_ws/install/turtlebot3_cartographer:/home/masters/turtlebot3_ws/install/dynamixel_sdk_examples:/home/masters/turtlebot3_ws/install/dynamixel_sdk_custom_interfaces:/home/masters/turtlebot3_ws/install/dynamixel_sdk:/home/masters/turtlebot3_ws/install/turtlebot3_teleop:/home/masters/turtlebot3_ws/install/turtlebot3_example:/opt/ros/humble LD_LIBRARY_PATH=/home/masters/turtlebot3_ws/install/turtlebot3_msgs/lib:/home/masters/turtlebot3_ws/install/dynamixel_sdk_custom_interfaces/lib:/home/masters/turtlebot3_ws/install/dynamixel_sdk/lib:/usr/lib/x86_64-linux-gnu/gazebo-11/plugins:/opt/ros/humble/opt/rviz_ogre_vendor/lib:/opt/ros/humble/lib/x86_64-linux-gnu:/opt/ros/humble/lib:/usr/lib/x86_64-linux-gnu/gazebo-11/plugins /usr/bin/cmake --install /home/masters/turtlebot3_ws/build/turtlebot3_fake_node
[11.864s] -- Install configuration: ""
[11.864s] -- Execute custom install script
[11.864s] -- Symlinking: /home/masters/turtlebot3_ws/install/turtlebot3_fake_node/lib/turtlebot3_fake_node/turtlebot3_fake_node
[11.872s] -- Symlinking: /home/masters/turtlebot3_ws/install/turtlebot3_fake_node/share/turtlebot3_fake_node/launch/rviz2.launch.py
[11.880s] -- Symlinking: /home/masters/turtlebot3_ws/install/turtlebot3_fake_node/share/turtlebot3_fake_node/launch/turtlebot3_fake_node.launch.py
[11.888s] -- Symlinking: /home/masters/turtlebot3_ws/install/turtlebot3_fake_node/share/turtlebot3_fake_node/param/burger.yaml
[11.895s] -- Symlinking: /home/masters/turtlebot3_ws/install/turtlebot3_fake_node/share/turtlebot3_fake_node/param/waffle.yaml
[11.903s] -- Symlinking: /home/masters/turtlebot3_ws/install/turtlebot3_fake_node/share/turtlebot3_fake_node/param/waffle_pi.yaml
[11.911s] -- Symlinking: /home/masters/turtlebot3_ws/install/turtlebot3_fake_node/include//turtlebot3_fake_node/turtlebot3_fake_node.hpp
[11.919s] -- Symlinking: /home/masters/turtlebot3_ws/install/turtlebot3_fake_node/share/ament_index/resource_index/package_run_dependencies/turtlebot3_fake_node
[11.926s] -- Symlinking: /home/masters/turtlebot3_ws/install/turtlebot3_fake_node/share/ament_index/resource_index/parent_prefix_path/turtlebot3_fake_node
[11.934s] -- Symlinking: /home/masters/turtlebot3_ws/install/turtlebot3_fake_node/share/turtlebot3_fake_node/environment/ament_prefix_path.sh
[11.942s] -- Symlinking: /home/masters/turtlebot3_ws/install/turtlebot3_fake_node/share/turtlebot3_fake_node/environment/ament_prefix_path.dsv
[11.950s] -- Symlinking: /home/masters/turtlebot3_ws/install/turtlebot3_fake_node/share/turtlebot3_fake_node/environment/path.sh
[11.958s] -- Symlinking: /home/masters/turtlebot3_ws/install/turtlebot3_fake_node/share/turtlebot3_fake_node/environment/path.dsv
[11.965s] -- Symlinking: /home/masters/turtlebot3_ws/install/turtlebot3_fake_node/share/turtlebot3_fake_node/local_setup.bash
[11.973s] -- Symlinking: /home/masters/turtlebot3_ws/install/turtlebot3_fake_node/share/turtlebot3_fake_node/local_setup.sh
[11.981s] -- Symlinking: /home/masters/turtlebot3_ws/install/turtlebot3_fake_node/share/turtlebot3_fake_node/local_setup.zsh
[11.989s] -- Symlinking: /home/masters/turtlebot3_ws/install/turtlebot3_fake_node/share/turtlebot3_fake_node/local_setup.dsv
[11.997s] -- Symlinking: /home/masters/turtlebot3_ws/install/turtlebot3_fake_node/share/turtlebot3_fake_node/package.dsv
[12.006s] -- Symlinking: /home/masters/turtlebot3_ws/install/turtlebot3_fake_node/share/ament_index/resource_index/packages/turtlebot3_fake_node
[12.014s] -- Symlinking: /home/masters/turtlebot3_ws/install/turtlebot3_fake_node/share/turtlebot3_fake_node/cmake/ament_cmake_export_include_directories-extras.cmake
[12.022s] -- Symlinking: /home/masters/turtlebot3_ws/install/turtlebot3_fake_node/share/turtlebot3_fake_node/cmake/ament_cmake_export_dependencies-extras.cmake
[12.030s] -- Symlinking: /home/masters/turtlebot3_ws/install/turtlebot3_fake_node/share/turtlebot3_fake_node/cmake/turtlebot3_fake_nodeConfig.cmake
[12.038s] -- Symlinking: /home/masters/turtlebot3_ws/install/turtlebot3_fake_node/share/turtlebot3_fake_node/cmake/turtlebot3_fake_nodeConfig-version.cmake
[12.046s] -- Symlinking: /home/masters/turtlebot3_ws/install/turtlebot3_fake_node/share/turtlebot3_fake_node/package.xml
[12.056s] Invoked command in '/home/masters/turtlebot3_ws/build/turtlebot3_fake_node' returned '0': CMAKE_PREFIX_PATH=/home/masters/turtlebot3_ws/install/turtlebot3_msgs:/home/masters/turtlebot3_ws/install/turtlebot3:/home/masters/turtlebot3_ws/install/turtlebot3_bringup:/home/masters/turtlebot3_ws/install/turtlebot3_node:/home/masters/turtlebot3_ws/install/turtlebot3_navigation2:/home/masters/turtlebot3_ws/install/turtlebot3_description:/home/masters/turtlebot3_ws/install/turtlebot3_cartographer:/home/masters/turtlebot3_ws/install/dynamixel_sdk_examples:/home/masters/turtlebot3_ws/install/dynamixel_sdk_custom_interfaces:/home/masters/turtlebot3_ws/install/dynamixel_sdk:/home/masters/turtlebot3_ws/install/turtlebot3_teleop:/home/masters/turtlebot3_ws/install/turtlebot3_example:/opt/ros/humble LD_LIBRARY_PATH=/home/masters/turtlebot3_ws/install/turtlebot3_msgs/lib:/home/masters/turtlebot3_ws/install/dynamixel_sdk_custom_interfaces/lib:/home/masters/turtlebot3_ws/install/dynamixel_sdk/lib:/usr/lib/x86_64-linux-gnu/gazebo-11/plugins:/opt/ros/humble/opt/rviz_ogre_vendor/lib:/opt/ros/humble/lib/x86_64-linux-gnu:/opt/ros/humble/lib:/usr/lib/x86_64-linux-gnu/gazebo-11/plugins /usr/bin/cmake --install /home/masters/turtlebot3_ws/build/turtlebot3_fake_node
