[0.008s] Invoking command in '/home/masters/turtlebot3_ws/build/turtlebot3_bringup': AMENT_PREFIX_PATH=/home/masters/turtlebot3_ws/install/turtlebot3_node:/home/masters/turtlebot3_ws/install/turtlebot3_msgs:/home/masters/turtlebot3_ws/install/turtlebot3_description:/home/masters/turtlebot3_ws/install/dynamixel_sdk:${AMENT_PREFIX_PATH} CMAKE_PREFIX_PATH=/home/masters/turtlebot3_ws/install/turtlebot3_node:/home/masters/turtlebot3_ws/install/turtlebot3_msgs:/home/masters/turtlebot3_ws/install/turtlebot3_description:/home/masters/turtlebot3_ws/install/dynamixel_sdk:/opt/ros/humble LD_LIBRARY_PATH=/home/masters/turtlebot3_ws/install/turtlebot3_msgs/lib:/home/masters/turtlebot3_ws/install/dynamixel_sdk/lib:${LD_LIBRARY_PATH} PYTHONPATH=/home/masters/turtlebot3_ws/install/turtlebot3_msgs/local/lib/python3.10/dist-packages:/home/masters/turtlebot3_ws/install/dynamixel_sdk/local/lib/python3.10/dist-packages:${PYTHONPATH} /usr/bin/cmake /home/masters/turtlebot3_ws/src/turtlebot3/turtlebot3_bringup -DAMENT_CMAKE_SYMLINK_INSTALL=1 -DCMAKE_INSTALL_PREFIX=/home/masters/turtlebot3_ws/install/turtlebot3_bringup
[0.052s] -- The C compiler identification is GNU 11.4.0
[0.108s] -- The CXX compiler identification is GNU 11.4.0
[0.115s] -- Detecting C compiler ABI info
[0.180s] -- Detecting C compiler ABI info - done
[0.186s] -- Check for working C compiler: /usr/bin/cc - skipped
[0.187s] -- Detecting C compile features
[0.187s] -- Detecting C compile features - done
[0.190s] -- Detecting CXX compiler ABI info
[0.262s] -- Detecting CXX compiler ABI info - done
[0.273s] -- Check for working CXX compiler: /usr/bin/c++ - skipped
[0.273s] -- Detecting CXX compile features
[0.274s] -- Detecting CXX compile features - done
[0.277s] -- Found ament_cmake: 1.3.11 (/opt/ros/humble/share/ament_cmake/cmake)
[0.421s] -- Found Python3: /usr/bin/python3 (found version "3.10.12") found components: Interpreter 
[0.477s] -- Override CMake install command with custom implementation using symlinks instead of copying resources
[0.557s] -- Configuring done
[0.559s] -- Generating done
[0.560s] -- Build files have been written to: /home/masters/turtlebot3_ws/build/turtlebot3_bringup
[0.563s] Invoked command in '/home/masters/turtlebot3_ws/build/turtlebot3_bringup' returned '0': AMENT_PREFIX_PATH=/home/masters/turtlebot3_ws/install/turtlebot3_node:/home/masters/turtlebot3_ws/install/turtlebot3_msgs:/home/masters/turtlebot3_ws/install/turtlebot3_description:/home/masters/turtlebot3_ws/install/dynamixel_sdk:${AMENT_PREFIX_PATH} CMAKE_PREFIX_PATH=/home/masters/turtlebot3_ws/install/turtlebot3_node:/home/masters/turtlebot3_ws/install/turtlebot3_msgs:/home/masters/turtlebot3_ws/install/turtlebot3_description:/home/masters/turtlebot3_ws/install/dynamixel_sdk:/opt/ros/humble LD_LIBRARY_PATH=/home/masters/turtlebot3_ws/install/turtlebot3_msgs/lib:/home/masters/turtlebot3_ws/install/dynamixel_sdk/lib:${LD_LIBRARY_PATH} PYTHONPATH=/home/masters/turtlebot3_ws/install/turtlebot3_msgs/local/lib/python3.10/dist-packages:/home/masters/turtlebot3_ws/install/dynamixel_sdk/local/lib/python3.10/dist-packages:${PYTHONPATH} /usr/bin/cmake /home/masters/turtlebot3_ws/src/turtlebot3/turtlebot3_bringup -DAMENT_CMAKE_SYMLINK_INSTALL=1 -DCMAKE_INSTALL_PREFIX=/home/masters/turtlebot3_ws/install/turtlebot3_bringup
[0.564s] Invoking command in '/home/masters/turtlebot3_ws/build/turtlebot3_bringup': AMENT_PREFIX_PATH=/home/masters/turtlebot3_ws/install/turtlebot3_node:/home/masters/turtlebot3_ws/install/turtlebot3_msgs:/home/masters/turtlebot3_ws/install/turtlebot3_description:/home/masters/turtlebot3_ws/install/dynamixel_sdk:${AMENT_PREFIX_PATH} CMAKE_PREFIX_PATH=/home/masters/turtlebot3_ws/install/turtlebot3_node:/home/masters/turtlebot3_ws/install/turtlebot3_msgs:/home/masters/turtlebot3_ws/install/turtlebot3_description:/home/masters/turtlebot3_ws/install/dynamixel_sdk:/opt/ros/humble LD_LIBRARY_PATH=/home/masters/turtlebot3_ws/install/turtlebot3_msgs/lib:/home/masters/turtlebot3_ws/install/dynamixel_sdk/lib:${LD_LIBRARY_PATH} PYTHONPATH=/home/masters/turtlebot3_ws/install/turtlebot3_msgs/local/lib/python3.10/dist-packages:/home/masters/turtlebot3_ws/install/dynamixel_sdk/local/lib/python3.10/dist-packages:${PYTHONPATH} /usr/bin/cmake --build /home/masters/turtlebot3_ws/build/turtlebot3_bringup -- -j16 -l16
[0.591s] Invoked command in '/home/masters/turtlebot3_ws/build/turtlebot3_bringup' returned '0': AMENT_PREFIX_PATH=/home/masters/turtlebot3_ws/install/turtlebot3_node:/home/masters/turtlebot3_ws/install/turtlebot3_msgs:/home/masters/turtlebot3_ws/install/turtlebot3_description:/home/masters/turtlebot3_ws/install/dynamixel_sdk:${AMENT_PREFIX_PATH} CMAKE_PREFIX_PATH=/home/masters/turtlebot3_ws/install/turtlebot3_node:/home/masters/turtlebot3_ws/install/turtlebot3_msgs:/home/masters/turtlebot3_ws/install/turtlebot3_description:/home/masters/turtlebot3_ws/install/dynamixel_sdk:/opt/ros/humble LD_LIBRARY_PATH=/home/masters/turtlebot3_ws/install/turtlebot3_msgs/lib:/home/masters/turtlebot3_ws/install/dynamixel_sdk/lib:${LD_LIBRARY_PATH} PYTHONPATH=/home/masters/turtlebot3_ws/install/turtlebot3_msgs/local/lib/python3.10/dist-packages:/home/masters/turtlebot3_ws/install/dynamixel_sdk/local/lib/python3.10/dist-packages:${PYTHONPATH} /usr/bin/cmake --build /home/masters/turtlebot3_ws/build/turtlebot3_bringup -- -j16 -l16
[0.592s] Invoking command in '/home/masters/turtlebot3_ws/build/turtlebot3_bringup': AMENT_PREFIX_PATH=/home/masters/turtlebot3_ws/install/turtlebot3_node:/home/masters/turtlebot3_ws/install/turtlebot3_msgs:/home/masters/turtlebot3_ws/install/turtlebot3_description:/home/masters/turtlebot3_ws/install/dynamixel_sdk:${AMENT_PREFIX_PATH} CMAKE_PREFIX_PATH=/home/masters/turtlebot3_ws/install/turtlebot3_node:/home/masters/turtlebot3_ws/install/turtlebot3_msgs:/home/masters/turtlebot3_ws/install/turtlebot3_description:/home/masters/turtlebot3_ws/install/dynamixel_sdk:/opt/ros/humble LD_LIBRARY_PATH=/home/masters/turtlebot3_ws/install/turtlebot3_msgs/lib:/home/masters/turtlebot3_ws/install/dynamixel_sdk/lib:${LD_LIBRARY_PATH} PYTHONPATH=/home/masters/turtlebot3_ws/install/turtlebot3_msgs/local/lib/python3.10/dist-packages:/home/masters/turtlebot3_ws/install/dynamixel_sdk/local/lib/python3.10/dist-packages:${PYTHONPATH} /usr/bin/cmake --install /home/masters/turtlebot3_ws/build/turtlebot3_bringup
[0.597s] -- Install configuration: ""
[0.597s] -- Execute custom install script
[0.598s] -- Symlinking: /home/masters/turtlebot3_ws/install/turtlebot3_bringup/share/turtlebot3_bringup/launch/camera.launch.py
[0.604s] -- Symlinking: /home/masters/turtlebot3_ws/install/turtlebot3_bringup/share/turtlebot3_bringup/launch/robot.launch.py
[0.610s] -- Symlinking: /home/masters/turtlebot3_ws/install/turtlebot3_bringup/share/turtlebot3_bringup/launch/rviz2.launch.py
[0.616s] -- Symlinking: /home/masters/turtlebot3_ws/install/turtlebot3_bringup/share/turtlebot3_bringup/launch/turtlebot3_state_publisher.launch.py
[0.622s] -- Symlinking: /home/masters/turtlebot3_ws/install/turtlebot3_bringup/share/turtlebot3_bringup/param/burger.yaml
[0.628s] -- Symlinking: /home/masters/turtlebot3_ws/install/turtlebot3_bringup/share/turtlebot3_bringup/param/humble/burger.yaml
[0.635s] -- Symlinking: /home/masters/turtlebot3_ws/install/turtlebot3_bringup/share/turtlebot3_bringup/param/humble/waffle.yaml
[0.642s] -- Symlinking: /home/masters/turtlebot3_ws/install/turtlebot3_bringup/share/turtlebot3_bringup/param/humble/waffle_pi.yaml
[0.648s] -- Symlinking: /home/masters/turtlebot3_ws/install/turtlebot3_bringup/share/turtlebot3_bringup/param/waffle.yaml
[0.655s] -- Symlinking: /home/masters/turtlebot3_ws/install/turtlebot3_bringup/share/turtlebot3_bringup/param/waffle_pi.yaml
[0.662s] -- Symlinking: /home/masters/turtlebot3_ws/install/turtlebot3_bringup/share/turtlebot3_bringup/script/99-turtlebot3-cdc.rules
[0.669s] -- Symlinking: /home/masters/turtlebot3_ws/install/turtlebot3_bringup/share/turtlebot3_bringup/script/create_udev_rules
[0.676s] -- Symlinking: /home/masters/turtlebot3_ws/install/turtlebot3_bringup/share/ament_index/resource_index/package_run_dependencies/turtlebot3_bringup
[0.682s] -- Symlinking: /home/masters/turtlebot3_ws/install/turtlebot3_bringup/share/ament_index/resource_index/parent_prefix_path/turtlebot3_bringup
[0.689s] -- Symlinking: /home/masters/turtlebot3_ws/install/turtlebot3_bringup/share/turtlebot3_bringup/environment/ament_prefix_path.sh
[0.696s] -- Symlinking: /home/masters/turtlebot3_ws/install/turtlebot3_bringup/share/turtlebot3_bringup/environment/ament_prefix_path.dsv
[0.703s] -- Symlinking: /home/masters/turtlebot3_ws/install/turtlebot3_bringup/share/turtlebot3_bringup/environment/path.sh
[0.709s] -- Symlinking: /home/masters/turtlebot3_ws/install/turtlebot3_bringup/share/turtlebot3_bringup/environment/path.dsv
[0.716s] -- Symlinking: /home/masters/turtlebot3_ws/install/turtlebot3_bringup/share/turtlebot3_bringup/local_setup.bash
[0.722s] -- Symlinking: /home/masters/turtlebot3_ws/install/turtlebot3_bringup/share/turtlebot3_bringup/local_setup.sh
[0.729s] -- Symlinking: /home/masters/turtlebot3_ws/install/turtlebot3_bringup/share/turtlebot3_bringup/local_setup.zsh
[0.736s] -- Symlinking: /home/masters/turtlebot3_ws/install/turtlebot3_bringup/share/turtlebot3_bringup/local_setup.dsv
[0.742s] -- Symlinking: /home/masters/turtlebot3_ws/install/turtlebot3_bringup/share/turtlebot3_bringup/package.dsv
[0.749s] -- Symlinking: /home/masters/turtlebot3_ws/install/turtlebot3_bringup/share/ament_index/resource_index/packages/turtlebot3_bringup
[0.756s] -- Symlinking: /home/masters/turtlebot3_ws/install/turtlebot3_bringup/share/turtlebot3_bringup/cmake/turtlebot3_bringupConfig.cmake
[0.764s] -- Symlinking: /home/masters/turtlebot3_ws/install/turtlebot3_bringup/share/turtlebot3_bringup/cmake/turtlebot3_bringupConfig-version.cmake
[0.772s] -- Symlinking: /home/masters/turtlebot3_ws/install/turtlebot3_bringup/share/turtlebot3_bringup/package.xml
[0.783s] Invoked command in '/home/masters/turtlebot3_ws/build/turtlebot3_bringup' returned '0': AMENT_PREFIX_PATH=/home/masters/turtlebot3_ws/install/turtlebot3_node:/home/masters/turtlebot3_ws/install/turtlebot3_msgs:/home/masters/turtlebot3_ws/install/turtlebot3_description:/home/masters/turtlebot3_ws/install/dynamixel_sdk:${AMENT_PREFIX_PATH} CMAKE_PREFIX_PATH=/home/masters/turtlebot3_ws/install/turtlebot3_node:/home/masters/turtlebot3_ws/install/turtlebot3_msgs:/home/masters/turtlebot3_ws/install/turtlebot3_description:/home/masters/turtlebot3_ws/install/dynamixel_sdk:/opt/ros/humble LD_LIBRARY_PATH=/home/masters/turtlebot3_ws/install/turtlebot3_msgs/lib:/home/masters/turtlebot3_ws/install/dynamixel_sdk/lib:${LD_LIBRARY_PATH} PYTHONPATH=/home/masters/turtlebot3_ws/install/turtlebot3_msgs/local/lib/python3.10/dist-packages:/home/masters/turtlebot3_ws/install/dynamixel_sdk/local/lib/python3.10/dist-packages:${PYTHONPATH} /usr/bin/cmake --install /home/masters/turtlebot3_ws/build/turtlebot3_bringup
