[1.640s] Invoking command in '/home/masters/turtlebot3_ws/build/turtlebot3_autorace_camera': PYTHONPATH=/home/masters/turtlebot3_ws/build/turtlebot3_autorace_camera/prefix_override:/usr/lib/python3/dist-packages/colcon_core/task/python/colcon_distutils_commands:/home/masters/turtlebot3_ws/install/turtlebot3_autorace_camera/lib/python3.10/site-packages:${PYTHONPATH} /usr/bin/python3 -W ignore:setup.py install is deprecated -W ignore:easy_install command is deprecated setup.py develop --editable --build-directory /home/masters/turtlebot3_ws/build/turtlebot3_autorace_camera/build --no-deps symlink_data
[1.930s] running develop
[2.095s] running egg_info
[2.095s] creating turtlebot3_autorace_camera.egg-info
[2.096s] writing turtlebot3_autorace_camera.egg-info/PKG-INFO
[2.096s] writing dependency_links to turtlebot3_autorace_camera.egg-info/dependency_links.txt
[2.096s] writing entry points to turtlebot3_autorace_camera.egg-info/entry_points.txt
[2.096s] writing requirements to turtlebot3_autorace_camera.egg-info/requires.txt
[2.096s] writing top-level names to turtlebot3_autorace_camera.egg-info/top_level.txt
[2.096s] writing manifest file 'turtlebot3_autorace_camera.egg-info/SOURCES.txt'
[2.097s] reading manifest file 'turtlebot3_autorace_camera.egg-info/SOURCES.txt'
[2.098s] writing manifest file 'turtlebot3_autorace_camera.egg-info/SOURCES.txt'
[2.099s] running build_ext
[2.100s] Creating /home/masters/turtlebot3_ws/install/turtlebot3_autorace_camera/lib/python3.10/site-packages/turtlebot3-autorace-camera.egg-link (link to .)
[2.100s] Installing image_compensation script to /home/masters/turtlebot3_ws/install/turtlebot3_autorace_camera/lib/turtlebot3_autorace_camera
[2.100s] Installing image_projection script to /home/masters/turtlebot3_ws/install/turtlebot3_autorace_camera/lib/turtlebot3_autorace_camera
[2.101s] 
[2.101s] Installed /home/masters/turtlebot3_ws/build/turtlebot3_autorace_camera
[2.101s] running symlink_data
[2.101s] creating /home/masters/turtlebot3_ws/install/turtlebot3_autorace_camera/share/ament_index
[2.101s] creating /home/masters/turtlebot3_ws/install/turtlebot3_autorace_camera/share/ament_index/resource_index
[2.101s] creating /home/masters/turtlebot3_ws/install/turtlebot3_autorace_camera/share/ament_index/resource_index/packages
[2.101s] symbolically linking /home/masters/turtlebot3_ws/build/turtlebot3_autorace_camera/resource/turtlebot3_autorace_camera -> /home/masters/turtlebot3_ws/install/turtlebot3_autorace_camera/share/ament_index/resource_index/packages
[2.102s] symbolically linking /home/masters/turtlebot3_ws/build/turtlebot3_autorace_camera/package.xml -> /home/masters/turtlebot3_ws/install/turtlebot3_autorace_camera/share/turtlebot3_autorace_camera
[2.102s] creating /home/masters/turtlebot3_ws/install/turtlebot3_autorace_camera/share/turtlebot3_autorace_camera/launch
[2.102s] symbolically linking /home/masters/turtlebot3_ws/build/turtlebot3_autorace_camera/launch/extrinsic_camera_calibration.launch.py -> /home/masters/turtlebot3_ws/install/turtlebot3_autorace_camera/share/turtlebot3_autorace_camera/launch
[2.103s] symbolically linking /home/masters/turtlebot3_ws/build/turtlebot3_autorace_camera/launch/intrinsic_camera_calibration.launch.py -> /home/masters/turtlebot3_ws/install/turtlebot3_autorace_camera/share/turtlebot3_autorace_camera/launch
[2.103s] creating /home/masters/turtlebot3_ws/install/turtlebot3_autorace_camera/share/turtlebot3_autorace_camera/calibration
[2.103s] creating /home/masters/turtlebot3_ws/install/turtlebot3_autorace_camera/share/turtlebot3_autorace_camera/calibration/extrinsic_calibration
[2.103s] symbolically linking /home/masters/turtlebot3_ws/build/turtlebot3_autorace_camera/calibration/extrinsic_calibration/compensation.yaml -> /home/masters/turtlebot3_ws/install/turtlebot3_autorace_camera/share/turtlebot3_autorace_camera/calibration/extrinsic_calibration
[2.103s] symbolically linking /home/masters/turtlebot3_ws/build/turtlebot3_autorace_camera/calibration/extrinsic_calibration/projection.yaml -> /home/masters/turtlebot3_ws/install/turtlebot3_autorace_camera/share/turtlebot3_autorace_camera/calibration/extrinsic_calibration
[2.145s] Invoked command in '/home/masters/turtlebot3_ws/build/turtlebot3_autorace_camera' returned '0': PYTHONPATH=/home/masters/turtlebot3_ws/build/turtlebot3_autorace_camera/prefix_override:/usr/lib/python3/dist-packages/colcon_core/task/python/colcon_distutils_commands:/home/masters/turtlebot3_ws/install/turtlebot3_autorace_camera/lib/python3.10/site-packages:${PYTHONPATH} /usr/bin/python3 -W ignore:setup.py install is deprecated -W ignore:easy_install command is deprecated setup.py develop --editable --build-directory /home/masters/turtlebot3_ws/build/turtlebot3_autorace_camera/build --no-deps symlink_data
