[0.568s] Invoking command in '/home/masters/turtlebot3_ws/build/turtlebot3_example': AMENT_PREFIX_PATH=/home/masters/turtlebot3_ws/install/turtlebot3_msgs:${AMENT_PREFIX_PATH} CMAKE_PREFIX_PATH=/home/masters/turtlebot3_ws/install/turtlebot3_msgs LD_LIBRARY_PATH=/home/masters/turtlebot3_ws/install/turtlebot3_msgs/lib:${LD_LIBRARY_PATH} PYTHONPATH=/home/masters/turtlebot3_ws/build/turtlebot3_example/prefix_override:/usr/lib/python3/dist-packages/colcon_core/task/python/colcon_distutils_commands:/home/masters/turtlebot3_ws/install/turtlebot3_example/lib/python3.10/site-packages:/home/masters/turtlebot3_ws/install/turtlebot3_msgs/local/lib/python3.10/dist-packages:${PYTHONPATH} /usr/bin/python3 -W ignore:setup.py install is deprecated -W ignore:easy_install command is deprecated setup.py develop --editable --build-directory /home/masters/turtlebot3_ws/build/turtlebot3_example/build --no-deps symlink_data
[0.813s] running develop
[0.968s] running egg_info
[0.968s] creating turtlebot3_example.egg-info
[0.968s] writing turtlebot3_example.egg-info/PKG-INFO
[0.969s] writing dependency_links to turtlebot3_example.egg-info/dependency_links.txt
[0.969s] writing entry points to turtlebot3_example.egg-info/entry_points.txt
[0.969s] writing requirements to turtlebot3_example.egg-info/requires.txt
[0.969s] writing top-level names to turtlebot3_example.egg-info/top_level.txt
[0.969s] writing manifest file 'turtlebot3_example.egg-info/SOURCES.txt'
[0.971s] reading manifest file 'turtlebot3_example.egg-info/SOURCES.txt'
[0.971s] writing manifest file 'turtlebot3_example.egg-info/SOURCES.txt'
[0.972s] running build_ext
[0.973s] Creating /home/masters/turtlebot3_ws/install/turtlebot3_example/lib/python3.10/site-packages/turtlebot3-example.egg-link (link to .)
[0.973s] Installing turtlebot3_absolute_move script to /home/masters/turtlebot3_ws/install/turtlebot3_example/lib/turtlebot3_example
[0.973s] Installing turtlebot3_interactive_marker script to /home/masters/turtlebot3_ws/install/turtlebot3_example/lib/turtlebot3_example
[0.973s] Installing turtlebot3_obstacle_detection script to /home/masters/turtlebot3_ws/install/turtlebot3_example/lib/turtlebot3_example
[0.974s] Installing turtlebot3_patrol_client script to /home/masters/turtlebot3_ws/install/turtlebot3_example/lib/turtlebot3_example
[0.974s] Installing turtlebot3_patrol_server script to /home/masters/turtlebot3_ws/install/turtlebot3_example/lib/turtlebot3_example
[0.974s] Installing turtlebot3_relative_move script to /home/masters/turtlebot3_ws/install/turtlebot3_example/lib/turtlebot3_example
[0.974s] 
[0.974s] Installed /home/masters/turtlebot3_ws/build/turtlebot3_example
[0.974s] running symlink_data
[0.974s] creating /home/masters/turtlebot3_ws/install/turtlebot3_example/share/ament_index
[0.974s] creating /home/masters/turtlebot3_ws/install/turtlebot3_example/share/ament_index/resource_index
[0.974s] creating /home/masters/turtlebot3_ws/install/turtlebot3_example/share/ament_index/resource_index/packages
[0.974s] symbolically linking /home/masters/turtlebot3_ws/build/turtlebot3_example/resource/turtlebot3_example -> /home/masters/turtlebot3_ws/install/turtlebot3_example/share/ament_index/resource_index/packages
[0.974s] symbolically linking /home/masters/turtlebot3_ws/build/turtlebot3_example/package.xml -> /home/masters/turtlebot3_ws/install/turtlebot3_example/share/turtlebot3_example
[0.995s] Invoked command in '/home/masters/turtlebot3_ws/build/turtlebot3_example' returned '0': AMENT_PREFIX_PATH=/home/masters/turtlebot3_ws/install/turtlebot3_msgs:${AMENT_PREFIX_PATH} CMAKE_PREFIX_PATH=/home/masters/turtlebot3_ws/install/turtlebot3_msgs LD_LIBRARY_PATH=/home/masters/turtlebot3_ws/install/turtlebot3_msgs/lib:${LD_LIBRARY_PATH} PYTHONPATH=/home/masters/turtlebot3_ws/build/turtlebot3_example/prefix_override:/usr/lib/python3/dist-packages/colcon_core/task/python/colcon_distutils_commands:/home/masters/turtlebot3_ws/install/turtlebot3_example/lib/python3.10/site-packages:/home/masters/turtlebot3_ws/install/turtlebot3_msgs/local/lib/python3.10/dist-packages:${PYTHONPATH} /usr/bin/python3 -W ignore:setup.py install is deprecated -W ignore:easy_install command is deprecated setup.py develop --editable --build-directory /home/masters/turtlebot3_ws/build/turtlebot3_example/build --no-deps symlink_data
