[1.630s] Invoking command in '/home/masters/turtlebot3_ws/build/turtlebot3_autorace_detect': PYTHONPATH=/home/masters/turtlebot3_ws/build/turtlebot3_autorace_detect/prefix_override:/usr/lib/python3/dist-packages/colcon_core/task/python/colcon_distutils_commands:/home/masters/turtlebot3_ws/install/turtlebot3_autorace_detect/lib/python3.10/site-packages:${PYTHONPATH} /usr/bin/python3 -W ignore:setup.py install is deprecated -W ignore:easy_install command is deprecated setup.py develop --editable --build-directory /home/masters/turtlebot3_ws/build/turtlebot3_autorace_detect/build --no-deps symlink_data
[1.924s] running develop
[2.089s] running egg_info
[2.089s] creating turtlebot3_autorace_detect.egg-info
[2.089s] writing turtlebot3_autorace_detect.egg-info/PKG-INFO
[2.089s] writing dependency_links to turtlebot3_autorace_detect.egg-info/dependency_links.txt
[2.090s] writing entry points to turtlebot3_autorace_detect.egg-info/entry_points.txt
[2.090s] writing requirements to turtlebot3_autorace_detect.egg-info/requires.txt
[2.090s] writing top-level names to turtlebot3_autorace_detect.egg-info/top_level.txt
[2.090s] writing manifest file 'turtlebot3_autorace_detect.egg-info/SOURCES.txt'
[2.091s] reading manifest file 'turtlebot3_autorace_detect.egg-info/SOURCES.txt'
[2.092s] writing manifest file 'turtlebot3_autorace_detect.egg-info/SOURCES.txt'
[2.093s] running build_ext
[2.094s] Creating /home/masters/turtlebot3_ws/install/turtlebot3_autorace_detect/lib/python3.10/site-packages/turtlebot3-autorace-detect.egg-link (link to .)
[2.094s] Installing detect_construction_sign script to /home/masters/turtlebot3_ws/install/turtlebot3_autorace_detect/lib/turtlebot3_autorace_detect
[2.095s] Installing detect_intersection_sign script to /home/masters/turtlebot3_ws/install/turtlebot3_autorace_detect/lib/turtlebot3_autorace_detect
[2.096s] Installing detect_lane script to /home/masters/turtlebot3_ws/install/turtlebot3_autorace_detect/lib/turtlebot3_autorace_detect
[2.096s] Installing detect_level_crossing script to /home/masters/turtlebot3_ws/install/turtlebot3_autorace_detect/lib/turtlebot3_autorace_detect
[2.096s] Installing detect_level_crossing_sign script to /home/masters/turtlebot3_ws/install/turtlebot3_autorace_detect/lib/turtlebot3_autorace_detect
[2.096s] Installing detect_parking_sign script to /home/masters/turtlebot3_ws/install/turtlebot3_autorace_detect/lib/turtlebot3_autorace_detect
[2.096s] Installing detect_traffic_light script to /home/masters/turtlebot3_ws/install/turtlebot3_autorace_detect/lib/turtlebot3_autorace_detect
[2.097s] Installing detect_tunnel_sign script to /home/masters/turtlebot3_ws/install/turtlebot3_autorace_detect/lib/turtlebot3_autorace_detect
[2.097s] 
[2.097s] Installed /home/masters/turtlebot3_ws/build/turtlebot3_autorace_detect
[2.097s] running symlink_data
[2.097s] creating /home/masters/turtlebot3_ws/install/turtlebot3_autorace_detect/share/ament_index
[2.098s] creating /home/masters/turtlebot3_ws/install/turtlebot3_autorace_detect/share/ament_index/resource_index
[2.098s] creating /home/masters/turtlebot3_ws/install/turtlebot3_autorace_detect/share/ament_index/resource_index/packages
[2.098s] symbolically linking /home/masters/turtlebot3_ws/build/turtlebot3_autorace_detect/resource/turtlebot3_autorace_detect -> /home/masters/turtlebot3_ws/install/turtlebot3_autorace_detect/share/ament_index/resource_index/packages
[2.098s] symbolically linking /home/masters/turtlebot3_ws/build/turtlebot3_autorace_detect/package.xml -> /home/masters/turtlebot3_ws/install/turtlebot3_autorace_detect/share/turtlebot3_autorace_detect
[2.098s] creating /home/masters/turtlebot3_ws/install/turtlebot3_autorace_detect/share/turtlebot3_autorace_detect/launch
[2.098s] symbolically linking /home/masters/turtlebot3_ws/build/turtlebot3_autorace_detect/launch/detect_lane.launch.py -> /home/masters/turtlebot3_ws/install/turtlebot3_autorace_detect/share/turtlebot3_autorace_detect/launch
[2.098s] symbolically linking /home/masters/turtlebot3_ws/build/turtlebot3_autorace_detect/launch/detect_traffic_light.launch.py -> /home/masters/turtlebot3_ws/install/turtlebot3_autorace_detect/share/turtlebot3_autorace_detect/launch
[2.098s] symbolically linking /home/masters/turtlebot3_ws/build/turtlebot3_autorace_detect/launch/detect_level_crossing.launch.py -> /home/masters/turtlebot3_ws/install/turtlebot3_autorace_detect/share/turtlebot3_autorace_detect/launch
[2.098s] symbolically linking /home/masters/turtlebot3_ws/build/turtlebot3_autorace_detect/launch/detect_sign.launch.py -> /home/masters/turtlebot3_ws/install/turtlebot3_autorace_detect/share/turtlebot3_autorace_detect/launch
[2.098s] creating /home/masters/turtlebot3_ws/install/turtlebot3_autorace_detect/share/turtlebot3_autorace_detect/param
[2.098s] creating /home/masters/turtlebot3_ws/install/turtlebot3_autorace_detect/share/turtlebot3_autorace_detect/param/lane
[2.098s] symbolically linking /home/masters/turtlebot3_ws/build/turtlebot3_autorace_detect/param/lane/lane.yaml -> /home/masters/turtlebot3_ws/install/turtlebot3_autorace_detect/share/turtlebot3_autorace_detect/param/lane
[2.099s] creating /home/masters/turtlebot3_ws/install/turtlebot3_autorace_detect/share/turtlebot3_autorace_detect/param/level
[2.099s] symbolically linking /home/masters/turtlebot3_ws/build/turtlebot3_autorace_detect/param/level/level.yaml -> /home/masters/turtlebot3_ws/install/turtlebot3_autorace_detect/share/turtlebot3_autorace_detect/param/level
[2.099s] creating /home/masters/turtlebot3_ws/install/turtlebot3_autorace_detect/share/turtlebot3_autorace_detect/param/traffic_light
[2.099s] symbolically linking /home/masters/turtlebot3_ws/build/turtlebot3_autorace_detect/param/traffic_light/traffic_light.yaml -> /home/masters/turtlebot3_ws/install/turtlebot3_autorace_detect/share/turtlebot3_autorace_detect/param/traffic_light
[2.099s] creating /home/masters/turtlebot3_ws/install/turtlebot3_autorace_detect/share/turtlebot3_autorace_detect/image
[2.099s] symbolically linking /home/masters/turtlebot3_ws/build/turtlebot3_autorace_detect/image/construction.png -> /home/masters/turtlebot3_ws/install/turtlebot3_autorace_detect/share/turtlebot3_autorace_detect/image
[2.099s] symbolically linking /home/masters/turtlebot3_ws/build/turtlebot3_autorace_detect/image/tunnel.png -> /home/masters/turtlebot3_ws/install/turtlebot3_autorace_detect/share/turtlebot3_autorace_detect/image
[2.099s] symbolically linking /home/masters/turtlebot3_ws/build/turtlebot3_autorace_detect/image/stop.png -> /home/masters/turtlebot3_ws/install/turtlebot3_autorace_detect/share/turtlebot3_autorace_detect/image
[2.099s] symbolically linking /home/masters/turtlebot3_ws/build/turtlebot3_autorace_detect/image/left.png -> /home/masters/turtlebot3_ws/install/turtlebot3_autorace_detect/share/turtlebot3_autorace_detect/image
[2.099s] symbolically linking /home/masters/turtlebot3_ws/build/turtlebot3_autorace_detect/image/right.png -> /home/masters/turtlebot3_ws/install/turtlebot3_autorace_detect/share/turtlebot3_autorace_detect/image
[2.099s] symbolically linking /home/masters/turtlebot3_ws/build/turtlebot3_autorace_detect/image/parking.png -> /home/masters/turtlebot3_ws/install/turtlebot3_autorace_detect/share/turtlebot3_autorace_detect/image
[2.100s] symbolically linking /home/masters/turtlebot3_ws/build/turtlebot3_autorace_detect/image/intersection.png -> /home/masters/turtlebot3_ws/install/turtlebot3_autorace_detect/share/turtlebot3_autorace_detect/image
[2.130s] Invoked command in '/home/masters/turtlebot3_ws/build/turtlebot3_autorace_detect' returned '0': PYTHONPATH=/home/masters/turtlebot3_ws/build/turtlebot3_autorace_detect/prefix_override:/usr/lib/python3/dist-packages/colcon_core/task/python/colcon_distutils_commands:/home/masters/turtlebot3_ws/install/turtlebot3_autorace_detect/lib/python3.10/site-packages:${PYTHONPATH} /usr/bin/python3 -W ignore:setup.py install is deprecated -W ignore:easy_install command is deprecated setup.py develop --editable --build-directory /home/masters/turtlebot3_ws/build/turtlebot3_autorace_detect/build --no-deps symlink_data
