[0.009s] Invoking command in '/home/masters/turtlebot3_ws/build/turtlebot3_autorace': AMENT_PREFIX_PATH=/home/masters/turtlebot3_ws/install/turtlebot3_autorace_mission:/home/masters/turtlebot3_ws/install/turtlebot3_autorace_detect:/home/masters/turtlebot3_ws/install/turtlebot3_autorace_camera:${AMENT_PREFIX_PATH} CMAKE_PREFIX_PATH=${CMAKE_PREFIX_PATH}:/home/masters/turtlebot3_ws/install/turtlebot3_teleop:/home/masters/turtlebot3_ws/install/turtlebot3_example:/opt/ros/humble PYTHONPATH=/home/masters/turtlebot3_ws/build/turtlebot3_autorace_mission:/home/masters/turtlebot3_ws/install/turtlebot3_autorace_mission/lib/python3.10/site-packages:/home/masters/turtlebot3_ws/build/turtlebot3_autorace_detect:/home/masters/turtlebot3_ws/install/turtlebot3_autorace_detect/lib/python3.10/site-packages:/home/masters/turtlebot3_ws/build/turtlebot3_autorace_camera:/home/masters/turtlebot3_ws/install/turtlebot3_autorace_camera/lib/python3.10/site-packages:${PYTHONPATH} /usr/bin/cmake /home/masters/turtlebot3_ws/src/turtlebot3_autorace/turtlebot3_autorace -DAMENT_CMAKE_SYMLINK_INSTALL=1 -DCMAKE_INSTALL_PREFIX=/home/masters/turtlebot3_ws/install/turtlebot3_autorace
[0.097s] -- The C compiler identification is GNU 11.4.0
[0.164s] -- The CXX compiler identification is GNU 11.4.0
[0.171s] -- Detecting C compiler ABI info
[0.218s] -- Detecting C compiler ABI info - done
[0.223s] -- Check for working C compiler: /usr/bin/cc - skipped
[0.224s] -- Detecting C compile features
[0.224s] -- Detecting C compile features - done
[0.227s] -- Detecting CXX compiler ABI info
[0.287s] -- Detecting CXX compiler ABI info - done
[0.294s] -- Check for working CXX compiler: /usr/bin/c++ - skipped
[0.295s] -- Detecting CXX compile features
[0.295s] -- Detecting CXX compile features - done
[0.298s] -- Found ament_cmake: 1.3.11 (/opt/ros/humble/share/ament_cmake/cmake)
[0.441s] -- Found Python3: /usr/bin/python3 (found version "3.10.12") found components: Interpreter 
[0.497s] -- Override CMake install command with custom implementation using symlinks instead of copying resources
[0.583s] -- Configuring done
[0.585s] -- Generating done
[0.586s] -- Build files have been written to: /home/masters/turtlebot3_ws/build/turtlebot3_autorace
[0.589s] Invoked command in '/home/masters/turtlebot3_ws/build/turtlebot3_autorace' returned '0': AMENT_PREFIX_PATH=/home/masters/turtlebot3_ws/install/turtlebot3_autorace_mission:/home/masters/turtlebot3_ws/install/turtlebot3_autorace_detect:/home/masters/turtlebot3_ws/install/turtlebot3_autorace_camera:${AMENT_PREFIX_PATH} CMAKE_PREFIX_PATH=${CMAKE_PREFIX_PATH}:/home/masters/turtlebot3_ws/install/turtlebot3_teleop:/home/masters/turtlebot3_ws/install/turtlebot3_example:/opt/ros/humble PYTHONPATH=/home/masters/turtlebot3_ws/build/turtlebot3_autorace_mission:/home/masters/turtlebot3_ws/install/turtlebot3_autorace_mission/lib/python3.10/site-packages:/home/masters/turtlebot3_ws/build/turtlebot3_autorace_detect:/home/masters/turtlebot3_ws/install/turtlebot3_autorace_detect/lib/python3.10/site-packages:/home/masters/turtlebot3_ws/build/turtlebot3_autorace_camera:/home/masters/turtlebot3_ws/install/turtlebot3_autorace_camera/lib/python3.10/site-packages:${PYTHONPATH} /usr/bin/cmake /home/masters/turtlebot3_ws/src/turtlebot3_autorace/turtlebot3_autorace -DAMENT_CMAKE_SYMLINK_INSTALL=1 -DCMAKE_INSTALL_PREFIX=/home/masters/turtlebot3_ws/install/turtlebot3_autorace
[0.590s] Invoking command in '/home/masters/turtlebot3_ws/build/turtlebot3_autorace': AMENT_PREFIX_PATH=/home/masters/turtlebot3_ws/install/turtlebot3_autorace_mission:/home/masters/turtlebot3_ws/install/turtlebot3_autorace_detect:/home/masters/turtlebot3_ws/install/turtlebot3_autorace_camera:${AMENT_PREFIX_PATH} CMAKE_PREFIX_PATH=${CMAKE_PREFIX_PATH}:/home/masters/turtlebot3_ws/install/turtlebot3_teleop:/home/masters/turtlebot3_ws/install/turtlebot3_example:/opt/ros/humble PYTHONPATH=/home/masters/turtlebot3_ws/build/turtlebot3_autorace_mission:/home/masters/turtlebot3_ws/install/turtlebot3_autorace_mission/lib/python3.10/site-packages:/home/masters/turtlebot3_ws/build/turtlebot3_autorace_detect:/home/masters/turtlebot3_ws/install/turtlebot3_autorace_detect/lib/python3.10/site-packages:/home/masters/turtlebot3_ws/build/turtlebot3_autorace_camera:/home/masters/turtlebot3_ws/install/turtlebot3_autorace_camera/lib/python3.10/site-packages:${PYTHONPATH} /usr/bin/cmake --build /home/masters/turtlebot3_ws/build/turtlebot3_autorace -- -j16 -l16
[0.615s] Invoked command in '/home/masters/turtlebot3_ws/build/turtlebot3_autorace' returned '0': AMENT_PREFIX_PATH=/home/masters/turtlebot3_ws/install/turtlebot3_autorace_mission:/home/masters/turtlebot3_ws/install/turtlebot3_autorace_detect:/home/masters/turtlebot3_ws/install/turtlebot3_autorace_camera:${AMENT_PREFIX_PATH} CMAKE_PREFIX_PATH=${CMAKE_PREFIX_PATH}:/home/masters/turtlebot3_ws/install/turtlebot3_teleop:/home/masters/turtlebot3_ws/install/turtlebot3_example:/opt/ros/humble PYTHONPATH=/home/masters/turtlebot3_ws/build/turtlebot3_autorace_mission:/home/masters/turtlebot3_ws/install/turtlebot3_autorace_mission/lib/python3.10/site-packages:/home/masters/turtlebot3_ws/build/turtlebot3_autorace_detect:/home/masters/turtlebot3_ws/install/turtlebot3_autorace_detect/lib/python3.10/site-packages:/home/masters/turtlebot3_ws/build/turtlebot3_autorace_camera:/home/masters/turtlebot3_ws/install/turtlebot3_autorace_camera/lib/python3.10/site-packages:${PYTHONPATH} /usr/bin/cmake --build /home/masters/turtlebot3_ws/build/turtlebot3_autorace -- -j16 -l16
[0.616s] Invoking command in '/home/masters/turtlebot3_ws/build/turtlebot3_autorace': AMENT_PREFIX_PATH=/home/masters/turtlebot3_ws/install/turtlebot3_autorace_mission:/home/masters/turtlebot3_ws/install/turtlebot3_autorace_detect:/home/masters/turtlebot3_ws/install/turtlebot3_autorace_camera:${AMENT_PREFIX_PATH} CMAKE_PREFIX_PATH=${CMAKE_PREFIX_PATH}:/home/masters/turtlebot3_ws/install/turtlebot3_teleop:/home/masters/turtlebot3_ws/install/turtlebot3_example:/opt/ros/humble PYTHONPATH=/home/masters/turtlebot3_ws/build/turtlebot3_autorace_mission:/home/masters/turtlebot3_ws/install/turtlebot3_autorace_mission/lib/python3.10/site-packages:/home/masters/turtlebot3_ws/build/turtlebot3_autorace_detect:/home/masters/turtlebot3_ws/install/turtlebot3_autorace_detect/lib/python3.10/site-packages:/home/masters/turtlebot3_ws/build/turtlebot3_autorace_camera:/home/masters/turtlebot3_ws/install/turtlebot3_autorace_camera/lib/python3.10/site-packages:${PYTHONPATH} /usr/bin/cmake --install /home/masters/turtlebot3_ws/build/turtlebot3_autorace
[0.620s] -- Install configuration: ""
[0.621s] -- Execute custom install script
[0.621s] -- Symlinking: /home/masters/turtlebot3_ws/install/turtlebot3_autorace/share/ament_index/resource_index/package_run_dependencies/turtlebot3_autorace
[0.627s] -- Symlinking: /home/masters/turtlebot3_ws/install/turtlebot3_autorace/share/ament_index/resource_index/parent_prefix_path/turtlebot3_autorace
[0.633s] -- Symlinking: /home/masters/turtlebot3_ws/install/turtlebot3_autorace/share/turtlebot3_autorace/environment/ament_prefix_path.sh
[0.640s] -- Symlinking: /home/masters/turtlebot3_ws/install/turtlebot3_autorace/share/turtlebot3_autorace/environment/ament_prefix_path.dsv
[0.647s] -- Symlinking: /home/masters/turtlebot3_ws/install/turtlebot3_autorace/share/turtlebot3_autorace/environment/path.sh
[0.655s] -- Symlinking: /home/masters/turtlebot3_ws/install/turtlebot3_autorace/share/turtlebot3_autorace/environment/path.dsv
[0.663s] -- Symlinking: /home/masters/turtlebot3_ws/install/turtlebot3_autorace/share/turtlebot3_autorace/local_setup.bash
[0.671s] -- Symlinking: /home/masters/turtlebot3_ws/install/turtlebot3_autorace/share/turtlebot3_autorace/local_setup.sh
[0.679s] -- Symlinking: /home/masters/turtlebot3_ws/install/turtlebot3_autorace/share/turtlebot3_autorace/local_setup.zsh
[0.686s] -- Symlinking: /home/masters/turtlebot3_ws/install/turtlebot3_autorace/share/turtlebot3_autorace/local_setup.dsv
[0.692s] -- Symlinking: /home/masters/turtlebot3_ws/install/turtlebot3_autorace/share/turtlebot3_autorace/package.dsv
[0.698s] -- Symlinking: /home/masters/turtlebot3_ws/install/turtlebot3_autorace/share/ament_index/resource_index/packages/turtlebot3_autorace
[0.704s] -- Symlinking: /home/masters/turtlebot3_ws/install/turtlebot3_autorace/share/turtlebot3_autorace/cmake/turtlebot3_autoraceConfig.cmake
[0.709s] -- Symlinking: /home/masters/turtlebot3_ws/install/turtlebot3_autorace/share/turtlebot3_autorace/cmake/turtlebot3_autoraceConfig-version.cmake
[0.715s] -- Symlinking: /home/masters/turtlebot3_ws/install/turtlebot3_autorace/share/turtlebot3_autorace/package.xml
[0.722s] Invoked command in '/home/masters/turtlebot3_ws/build/turtlebot3_autorace' returned '0': AMENT_PREFIX_PATH=/home/masters/turtlebot3_ws/install/turtlebot3_autorace_mission:/home/masters/turtlebot3_ws/install/turtlebot3_autorace_detect:/home/masters/turtlebot3_ws/install/turtlebot3_autorace_camera:${AMENT_PREFIX_PATH} CMAKE_PREFIX_PATH=${CMAKE_PREFIX_PATH}:/home/masters/turtlebot3_ws/install/turtlebot3_teleop:/home/masters/turtlebot3_ws/install/turtlebot3_example:/opt/ros/humble PYTHONPATH=/home/masters/turtlebot3_ws/build/turtlebot3_autorace_mission:/home/masters/turtlebot3_ws/install/turtlebot3_autorace_mission/lib/python3.10/site-packages:/home/masters/turtlebot3_ws/build/turtlebot3_autorace_detect:/home/masters/turtlebot3_ws/install/turtlebot3_autorace_detect/lib/python3.10/site-packages:/home/masters/turtlebot3_ws/build/turtlebot3_autorace_camera:/home/masters/turtlebot3_ws/install/turtlebot3_autorace_camera/lib/python3.10/site-packages:${PYTHONPATH} /usr/bin/cmake --install /home/masters/turtlebot3_ws/build/turtlebot3_autorace
