[1.626s] Invoking command in '/home/masters/turtlebot3_ws/build/turtlebot3_autorace_mission': PYTHONPATH=/home/masters/turtlebot3_ws/build/turtlebot3_autorace_mission/prefix_override:/usr/lib/python3/dist-packages/colcon_core/task/python/colcon_distutils_commands:/home/masters/turtlebot3_ws/install/turtlebot3_autorace_mission/lib/python3.10/site-packages:${PYTHONPATH} /usr/bin/python3 -W ignore:setup.py install is deprecated -W ignore:easy_install command is deprecated setup.py develop --editable --build-directory /home/masters/turtlebot3_ws/build/turtlebot3_autorace_mission/build --no-deps symlink_data
[1.899s] running develop
[2.068s] running egg_info
[2.068s] creating turtlebot3_autorace_mission.egg-info
[2.069s] writing turtlebot3_autorace_mission.egg-info/PKG-INFO
[2.069s] writing dependency_links to turtlebot3_autorace_mission.egg-info/dependency_links.txt
[2.069s] writing entry points to turtlebot3_autorace_mission.egg-info/entry_points.txt
[2.069s] writing requirements to turtlebot3_autorace_mission.egg-info/requires.txt
[2.069s] writing top-level names to turtlebot3_autorace_mission.egg-info/top_level.txt
[2.069s] writing manifest file 'turtlebot3_autorace_mission.egg-info/SOURCES.txt'
[2.070s] reading manifest file 'turtlebot3_autorace_mission.egg-info/SOURCES.txt'
[2.071s] writing manifest file 'turtlebot3_autorace_mission.egg-info/SOURCES.txt'
[2.072s] running build_ext
[2.072s] Creating /home/masters/turtlebot3_ws/install/turtlebot3_autorace_mission/lib/python3.10/site-packages/turtlebot3-autorace-mission.egg-link (link to .)
[2.073s] Installing avoid_construction script to /home/masters/turtlebot3_ws/install/turtlebot3_autorace_mission/lib/turtlebot3_autorace_mission
[2.073s] Installing control_lane script to /home/masters/turtlebot3_ws/install/turtlebot3_autorace_mission/lib/turtlebot3_autorace_mission
[2.074s] Installing mission_tunnel script to /home/masters/turtlebot3_ws/install/turtlebot3_autorace_mission/lib/turtlebot3_autorace_mission
[2.074s] 
[2.074s] Installed /home/masters/turtlebot3_ws/build/turtlebot3_autorace_mission
[2.074s] running symlink_data
[2.074s] creating /home/masters/turtlebot3_ws/install/turtlebot3_autorace_mission/share/ament_index
[2.074s] creating /home/masters/turtlebot3_ws/install/turtlebot3_autorace_mission/share/ament_index/resource_index
[2.074s] creating /home/masters/turtlebot3_ws/install/turtlebot3_autorace_mission/share/ament_index/resource_index/packages
[2.074s] symbolically linking /home/masters/turtlebot3_ws/build/turtlebot3_autorace_mission/resource/turtlebot3_autorace_mission -> /home/masters/turtlebot3_ws/install/turtlebot3_autorace_mission/share/ament_index/resource_index/packages
[2.074s] symbolically linking /home/masters/turtlebot3_ws/build/turtlebot3_autorace_mission/package.xml -> /home/masters/turtlebot3_ws/install/turtlebot3_autorace_mission/share/turtlebot3_autorace_mission
[2.075s] creating /home/masters/turtlebot3_ws/install/turtlebot3_autorace_mission/share/turtlebot3_autorace_mission/launch
[2.075s] symbolically linking /home/masters/turtlebot3_ws/build/turtlebot3_autorace_mission/launch/control_lane.launch.py -> /home/masters/turtlebot3_ws/install/turtlebot3_autorace_mission/share/turtlebot3_autorace_mission/launch
[2.075s] symbolically linking /home/masters/turtlebot3_ws/build/turtlebot3_autorace_mission/launch/mission_construction.launch.py -> /home/masters/turtlebot3_ws/install/turtlebot3_autorace_mission/share/turtlebot3_autorace_mission/launch
[2.075s] symbolically linking /home/masters/turtlebot3_ws/build/turtlebot3_autorace_mission/launch/mission_tunnel.launch.py -> /home/masters/turtlebot3_ws/install/turtlebot3_autorace_mission/share/turtlebot3_autorace_mission/launch
[2.075s] creating /home/masters/turtlebot3_ws/install/turtlebot3_autorace_mission/share/turtlebot3_autorace_mission/param
[2.075s] symbolically linking /home/masters/turtlebot3_ws/build/turtlebot3_autorace_mission/param/navigation.yaml -> /home/masters/turtlebot3_ws/install/turtlebot3_autorace_mission/share/turtlebot3_autorace_mission/param
[2.075s] creating /home/masters/turtlebot3_ws/install/turtlebot3_autorace_mission/share/turtlebot3_autorace_mission/map
[2.075s] symbolically linking /home/masters/turtlebot3_ws/build/turtlebot3_autorace_mission/map/map.yaml -> /home/masters/turtlebot3_ws/install/turtlebot3_autorace_mission/share/turtlebot3_autorace_mission/map
[2.075s] symbolically linking /home/masters/turtlebot3_ws/build/turtlebot3_autorace_mission/map/map.pgm -> /home/masters/turtlebot3_ws/install/turtlebot3_autorace_mission/share/turtlebot3_autorace_mission/map
[2.102s] Invoked command in '/home/masters/turtlebot3_ws/build/turtlebot3_autorace_mission' returned '0': PYTHONPATH=/home/masters/turtlebot3_ws/build/turtlebot3_autorace_mission/prefix_override:/usr/lib/python3/dist-packages/colcon_core/task/python/colcon_distutils_commands:/home/masters/turtlebot3_ws/install/turtlebot3_autorace_mission/lib/python3.10/site-packages:${PYTHONPATH} /usr/bin/python3 -W ignore:setup.py install is deprecated -W ignore:easy_install command is deprecated setup.py develop --editable --build-directory /home/masters/turtlebot3_ws/build/turtlebot3_autorace_mission/build --no-deps symlink_data
