[0.020s] Invoking command in '/home/masters/turtlebot3_ws/build/turtlebot3_description': CMAKE_PREFIX_PATH=/opt/ros/humble /usr/bin/cmake /home/masters/turtlebot3_ws/src/turtlebot3/turtlebot3_description -DAMENT_CMAKE_SYMLINK_INSTALL=1 -DCMAKE_INSTALL_PREFIX=/home/masters/turtlebot3_ws/install/turtlebot3_description
[0.283s] -- The C compiler identification is GNU 11.4.0
[0.283s] -- The CXX compiler identification is GNU 11.4.0
[0.283s] -- Detecting C compiler ABI info
[0.284s] -- Detecting C compiler ABI info - done
[0.284s] -- Check for working C compiler: /usr/bin/cc - skipped
[0.284s] -- Detecting C compile features
[0.284s] -- Detecting C compile features - done
[0.284s] -- Detecting CXX compiler ABI info
[0.287s] -- Detecting CXX compiler ABI info - done
[0.297s] -- Check for working CXX compiler: /usr/bin/c++ - skipped
[0.297s] -- Detecting CXX compile features
[0.298s] -- Detecting CXX compile features - done
[0.300s] -- Found ament_cmake: 1.3.11 (/opt/ros/humble/share/ament_cmake/cmake)
[0.435s] -- Found Python3: /usr/bin/python3 (found version "3.10.12") found components: Interpreter 
[0.498s] -- Override CMake install command with custom implementation using symlinks instead of copying resources
[0.520s] -- Found urdf: 2.6.1 (/opt/ros/humble/share/urdf/cmake)
[0.622s] -- Configuring done
[0.625s] -- Generating done
[0.626s] -- Build files have been written to: /home/masters/turtlebot3_ws/build/turtlebot3_description
[0.632s] Invoked command in '/home/masters/turtlebot3_ws/build/turtlebot3_description' returned '0': CMAKE_PREFIX_PATH=/opt/ros/humble /usr/bin/cmake /home/masters/turtlebot3_ws/src/turtlebot3/turtlebot3_description -DAMENT_CMAKE_SYMLINK_INSTALL=1 -DCMAKE_INSTALL_PREFIX=/home/masters/turtlebot3_ws/install/turtlebot3_description
[0.633s] Invoking command in '/home/masters/turtlebot3_ws/build/turtlebot3_description': CMAKE_PREFIX_PATH=/opt/ros/humble /usr/bin/cmake --build /home/masters/turtlebot3_ws/build/turtlebot3_description -- -j16 -l16
[0.664s] Invoked command in '/home/masters/turtlebot3_ws/build/turtlebot3_description' returned '0': CMAKE_PREFIX_PATH=/opt/ros/humble /usr/bin/cmake --build /home/masters/turtlebot3_ws/build/turtlebot3_description -- -j16 -l16
[0.665s] Invoking command in '/home/masters/turtlebot3_ws/build/turtlebot3_description': CMAKE_PREFIX_PATH=/opt/ros/humble /usr/bin/cmake --install /home/masters/turtlebot3_ws/build/turtlebot3_description
[0.671s] -- Install configuration: ""
[0.671s] -- Execute custom install script
[0.671s] -- Symlinking: /home/masters/turtlebot3_ws/install/turtlebot3_description/share/turtlebot3_description/meshes/bases/burger_base.stl
[0.678s] -- Symlinking: /home/masters/turtlebot3_ws/install/turtlebot3_description/share/turtlebot3_description/meshes/bases/waffle_base.stl
[0.684s] -- Symlinking: /home/masters/turtlebot3_ws/install/turtlebot3_description/share/turtlebot3_description/meshes/bases/waffle_pi_base.stl
[0.690s] -- Symlinking: /home/masters/turtlebot3_ws/install/turtlebot3_description/share/turtlebot3_description/meshes/sensors/astra.dae
[0.697s] -- Symlinking: /home/masters/turtlebot3_ws/install/turtlebot3_description/share/turtlebot3_description/meshes/sensors/astra.jpg
[0.710s] -- Symlinking: /home/masters/turtlebot3_ws/install/turtlebot3_description/share/turtlebot3_description/meshes/sensors/lds.stl
[0.719s] -- Symlinking: /home/masters/turtlebot3_ws/install/turtlebot3_description/share/turtlebot3_description/meshes/sensors/r200.dae
[0.730s] -- Symlinking: /home/masters/turtlebot3_ws/install/turtlebot3_description/share/turtlebot3_description/meshes/sensors/r200.jpg
[0.742s] -- Symlinking: /home/masters/turtlebot3_ws/install/turtlebot3_description/share/turtlebot3_description/meshes/wheels/left_tire.stl
[0.752s] -- Symlinking: /home/masters/turtlebot3_ws/install/turtlebot3_description/share/turtlebot3_description/meshes/wheels/right_tire.stl
[0.762s] -- Symlinking: /home/masters/turtlebot3_ws/install/turtlebot3_description/share/turtlebot3_description/rviz/model.rviz
[0.773s] -- Symlinking: /home/masters/turtlebot3_ws/install/turtlebot3_description/share/turtlebot3_description/urdf/common_properties.urdf
[0.793s] -- Symlinking: /home/masters/turtlebot3_ws/install/turtlebot3_description/share/turtlebot3_description/urdf/turtlebot3_burger.urdf
[0.814s] -- Symlinking: /home/masters/turtlebot3_ws/install/turtlebot3_description/share/turtlebot3_description/urdf/turtlebot3_waffle.urdf
[0.833s] -- Symlinking: /home/masters/turtlebot3_ws/install/turtlebot3_description/share/turtlebot3_description/urdf/turtlebot3_waffle_pi.urdf
[0.846s] -- Symlinking: /home/masters/turtlebot3_ws/install/turtlebot3_description/share/ament_index/resource_index/package_run_dependencies/turtlebot3_description
[0.859s] -- Symlinking: /home/masters/turtlebot3_ws/install/turtlebot3_description/share/ament_index/resource_index/parent_prefix_path/turtlebot3_description
[0.869s] -- Symlinking: /home/masters/turtlebot3_ws/install/turtlebot3_description/share/turtlebot3_description/environment/ament_prefix_path.sh
[0.881s] -- Symlinking: /home/masters/turtlebot3_ws/install/turtlebot3_description/share/turtlebot3_description/environment/ament_prefix_path.dsv
[0.896s] -- Symlinking: /home/masters/turtlebot3_ws/install/turtlebot3_description/share/turtlebot3_description/environment/path.sh
[0.904s] -- Symlinking: /home/masters/turtlebot3_ws/install/turtlebot3_description/share/turtlebot3_description/environment/path.dsv
[0.915s] -- Symlinking: /home/masters/turtlebot3_ws/install/turtlebot3_description/share/turtlebot3_description/local_setup.bash
[0.927s] -- Symlinking: /home/masters/turtlebot3_ws/install/turtlebot3_description/share/turtlebot3_description/local_setup.sh
[0.939s] -- Symlinking: /home/masters/turtlebot3_ws/install/turtlebot3_description/share/turtlebot3_description/local_setup.zsh
[0.949s] -- Symlinking: /home/masters/turtlebot3_ws/install/turtlebot3_description/share/turtlebot3_description/local_setup.dsv
[0.960s] -- Symlinking: /home/masters/turtlebot3_ws/install/turtlebot3_description/share/turtlebot3_description/package.dsv
[0.971s] -- Symlinking: /home/masters/turtlebot3_ws/install/turtlebot3_description/share/ament_index/resource_index/packages/turtlebot3_description
[0.979s] -- Symlinking: /home/masters/turtlebot3_ws/install/turtlebot3_description/share/turtlebot3_description/cmake/turtlebot3_descriptionConfig.cmake
[0.986s] -- Symlinking: /home/masters/turtlebot3_ws/install/turtlebot3_description/share/turtlebot3_description/cmake/turtlebot3_descriptionConfig-version.cmake
[0.994s] -- Symlinking: /home/masters/turtlebot3_ws/install/turtlebot3_description/share/turtlebot3_description/package.xml
[1.004s] Invoked command in '/home/masters/turtlebot3_ws/build/turtlebot3_description' returned '0': CMAKE_PREFIX_PATH=/opt/ros/humble /usr/bin/cmake --install /home/masters/turtlebot3_ws/build/turtlebot3_description
